17.12.14 13:09
最新版的文件是：D:\my_site\new_test
初始化了数据库，加入了用户登录，表单的处理
问题在于静态网页又tm的出了问题，代码编辑页面的编辑器未正常显示
然后静态页面在手机和ipad上面的显示效果极其差，对于手机端的适配，继续以www.golaravel.com为模板，抄袭。它的适配效果十分好。

所以，是的，我依旧需要做静态测试。

下一步的任务是继续修改静态页面，然后尝试转化为动态模板，然后考虑向数据库存入数据，这里要注意怎么提取文章第一段，作为预览。

静态页面，真恶心。

17.12.14 15:33
是的，我找到了一个很好的页面在移动设备显示不佳的解决方法：
<script type="text/javascript">
	if(window.screen.width<=480)
	{
		alert("屏幕尺寸太小，效果极其糟糕，请使用宽度大于768的设备");
	}
	else if(window.screen.width<=769)
	{
		alert("屏幕尺寸较小，效果不佳，建议使用宽度大于768的设备");
	}
</script>

我认为这是一个很好的方法，很好。。。

最新版的文件是：D:\my_site\new_test
完成了ajax的登陆

下一步的任务应该是接入数据库。

我决定新开一个文件夹，简单的，不包含全部的内容，只是测试数据库。
文件夹是:D:\my_site\data_base_test

数据库连接的包装已经完成，所以，上述文件夹已经废弃
数据库的链接封装文件是Database.py，已经放入D:\my_site\new_test
所以现在最新的文件夹依旧是D:\my_site\new_test

下一步的工作是：
1、搞定消息闪现，确定哪些消息的闪现应该由js负责，哪些有后端负责，闪现我打算使用flask的闪现和bootstrap的alert共同负责，这个需要jquery，已经下载完成了放在静态文件夹的js中
参考网页是：
https://greyli.com/flask-set-let-flash-message-supports-a-bootstrap-message-style/
http://funhacks.net/2016/10/23/flask_flashed_message/
http://www.bjhee.com/flask-5.html
http://www.runoob.com/bootstrap/bootstrap-alert-plugin.html

2、准备嵌入数据库

3、完善表单未填写这样的检查，bootstrap应该有提供这种检查吧

表单检查已经完成，下一步是消息闪现

我没有使用flask的闪现，而是用了自行使用jinja2渲染的动态模板和bootstrap的alert完成了
最新文件依旧是D:\my_site\new_test

下一步计划完成数据库，分页等，所以首页的结构应该会有比较大的改变

然后，登陆状态的显示太丑了，应该美化一下

还有，应该搞一个非常简单的管理员管理页面，可以快速查看用户和博客，提供删除，增加，修改权限的功能，没有必要很漂亮（虽然我也根本做不了多漂亮）

登陆状态已经做了一点优化，
另外所有的页面也都做了一点小的调整，美化


已经尝试加入数据库了，用户的登录已经通过数据库查询实现了，现在发现的问题是，flask的测试服务器似乎是多线程的，这意味着，我无法在启动时链接一个数据库，然后关闭时断开，现在必须每查询一次就链接一次

现在也已经给出了一个隐藏的root页面，只有最高权限的用户才能查看，现在页面还很简单，只是显示了所有用户和所有博客，还有很多管理功能需要加入，与此同时数据库的封装大概也要同步修改。

我已经加入了数据库，完成了页面的构建，展示。
现在的问题是：下面的页面导航栏上下也的图标是错误的，然后每一页的博客都是逆序的
逆序done

都搞定了！！！！
但是编辑器又他妈的出问题了，不知道为啥katex.min.css加载失败

17.12.21
已经搞定了
并且新增了注册
最新文件依旧是D:\my_site\new_test

对于root页面，要注意，必须对root操作也进行检查最高权限的操作

管理页面已经做了处理，可用了，此外也增加了cookie寿命